{
  "RSpec": {
    "coverage": {
      "C:/Users/admin/Documents/GitHub/Ruby/zad_2/lib/euklides.rb": [
        1,
        4,
        null,
        4,
        25,
        17,
        17,
        1,
        null,
        16,
        null,
        null,
        4,
        null
      ],
      "C:/Users/admin/Documents/GitHub/Ruby/zad_2/spec/matrix_multiply_spec.rb": [
        1,
        1,
        1,
        null,
        1,
        1,
        null,
        1,
        1,
        1,
        1,
        null,
        null,
        1,
        1,
        1,
        1,
        null,
        null,
        1,
        1,
        1,
        1,
        null,
        null,
        null
      ],
      "C:/Users/admin/Documents/GitHub/Ruby/zad_2/lib/matrix_multiply.rb": [
        1,
        10,
        3,
        7,
        19,
        19,
        81,
        81,
        null,
        19,
        null,
        7,
        null,
        3,
        7,
        19,
        null,
        7,
        null,
        3,
        null
      ],
      "C:/Users/admin/Documents/GitHub/Ruby/zad_2/spec/silnia_spec.rb": [
        1,
        1,
        null,
        1,
        null,
        null,
        1,
        1,
        null,
        1,
        2,
        null,
        null,
        1,
        1,
        1,
        null,
        null,
        1,
        1,
        1,
        null,
        null,
        1,
        1,
        null,
        null,
        null
      ],
      "C:/Users/admin/Documents/GitHub/Ruby/zad_2/lib/silnia.rb": [
        1,
        386,
        6,
        null,
        380,
        null,
        null
      ]
    },
    "timestamp": 1448301847
  }
}
